C51 COMPILER V9.57.0.0   ENCODER                                                           07/09/2024 01:59:10 PAGE 1   


C51 COMPILER V9.57.0.0, COMPILATION OF MODULE ENCODER
OBJECT MODULE PLACED IN .\Objects\encoder.obj
COMPILER INVOKED BY: C:\Keil_v5\C51\BIN\C51.EXE encoder.c LARGE OPTIMIZE(8,SPEED) BROWSE DEBUG OBJECTEXTEND PRINT(.\List
                    -ings\encoder.lst) TABS(2) OBJECT(.\Objects\encoder.obj)

line level    source

   1          #include "sys.h"
   2          //#include "encoder.h"
   3          
   4          //IO口得根据实际的硬件来改动
   5          //p1.0  P1.1   P1.2
   6          #define CWPORT  1     //P1口
   7          #define CWPIN   3     //IO
   8          #define CCWPORT 1     //P1口
   9          #define CCWPIN  5     //IO
  10          #define DGUSADDER      0X3000
  11          
  12          u16 xdata back_Encoder_Data = 0;
  13          u16 xdata set_value = 0;    
  14          u16 xdata set_value_OK = 0; 
  15          u16 xdata Encoder_Data_cnt = 0;
  16          ////======================================================
  17          //===============================================
  18          u8 GetPinIn(u8 Port,u8 Pin)
  19          {  
  20   1          u8 value;
  21   1          switch(Port)
  22   1          {
  23   2              case 0:
  24   2                value=P0&(1<<Pin);
  25   2              break;
  26   2              case 1: 
  27   2                value=P1&(1<<Pin);
  28   2              break;
  29   2              case 2: 
  30   2                value=P2&(1<<Pin);
  31   2              break;
  32   2              case 3: 
  33   2                value=P3&(1<<Pin);
  34   2              break;  
  35   2              default:
  36   2                value=0;
  37   2              break;        
  38   2          }
  39   1          return value;
  40   1      }
  41          
  42          //============================================================
  43          void delay_us(unsigned int t)
  44          { 
  45   1       u8 i;
  46   1      
  47   1       while(t)
  48   1       {
  49   2        for(i=0;i<50;i++)
  50   2         {i=i;}
  51   2        t--;
  52   2       }
  53   1      }
  54          //=============================================
C51 COMPILER V9.57.0.0   ENCODER                                                           07/09/2024 01:59:10 PAGE 2   

  55          void delay_ms(u16 t)
  56          {
  57   1        u16 i,j;
  58   1          for(i=0;i<t;i++)
  59   1          {
  60   2            for(j=0;j<300;j++)
  61   2             delay_us(1);
  62   2          }
  63   1      }
  64          //============================================================
  65          u8 EncoderflagOld;
  66          
  67          
  68          u16 Encoder_recevie(void) 
  69          {
  70   1        u8 Encoder_flag = 0;
  71   1        u8 KEY_CW_PORT; 
  72   1        u8 KEY_CCW_PORT;
  73   1        static u8 rEncoder_Code = 0;
  74   1        static u8 rEn_Right_Save = 1;
  75   1        static u8 rEn_Left_Save = 1;
  76   1        static u8 F_Encoder_Check = 0;
  77   1        static u8 rEn_Right_Read;
  78   1        static u8 rEn_Left_Read;
  79   1         //static u8 x=0;
  80   1          static u16 y=0;
  81   1        delay_us(250);
  82   1          if(GetPinIn(1,0))
  83   1          KEY_CW_PORT = 1;
  84   1        else
  85   1          KEY_CW_PORT = 0;
  86   1        if(GetPinIn(1,1))
  87   1          KEY_CCW_PORT = 1;
  88   1        else
  89   1          KEY_CCW_PORT = 0;
  90   1        //======================================
  91   1         if(GetPinIn(1,2)==0)
  92   1          {
  93   2            while(1)
  94   2              {
  95   3                if(GetPinIn(1,2)!=0) { break;}
  96   3                y++;
  97   3                delay_ms(1);
  98   3              }
  99   2              if(y>10&&y<2000) { Encoder_flag = 3; }
 100   2              else  if(y>=2000) { Encoder_flag = 4; break;}
*** ERROR C171 IN LINE 100 OF encoder.c: 'break': missing enclosing loop
 101   2              
 102   2          }
 103   1          if(GetPinIn(1,2)!=0) { y=0;}
 104   1          
 105   1          //==============================================
 106   1        if((KEY_CW_PORT == 1)&&(KEY_CCW_PORT == 1))
 107   1        {
 108   2          if(F_Encoder_Check)
 109   2          {
 110   3            F_Encoder_Check = 0 ;
 111   3            if(rEncoder_Code ==0x42)     { Encoder_flag = 1;}
 112   3            else if(rEncoder_Code ==0x24){ Encoder_flag = 2;}
 113   3          }
 114   2          rEncoder_Code  = 0;
 115   2          rEn_Right_Save = 1;
C51 COMPILER V9.57.0.0   ENCODER                                                           07/09/2024 01:59:10 PAGE 3   

 116   2          rEn_Left_Save  = 1;
 117   2        }
 118   1        else
 119   1        {
 120   2          F_Encoder_Check = 1 ; 
 121   2          if(KEY_CW_PORT)   { rEn_Right_Read = 1 ; }
 122   2          else              { rEn_Right_Read = 0 ; }
 123   2          
 124   2          if(KEY_CCW_PORT) { rEn_Left_Read = 1 ; }
 125   2          else             { rEn_Left_Read = 0 ; } 
 126   2      
 127   2          if((rEn_Right_Read !=rEn_Right_Save)||(rEn_Left_Read !=rEn_Left_Save)) 
 128   2          {
 129   3             rEn_Right_Save = rEn_Right_Read ;
 130   3             rEn_Left_Save = rEn_Left_Read ;
 131   3             rEncoder_Code = rEn_Right_Read + rEncoder_Code ;
 132   3             rEncoder_Code = rEncoder_Code<<1;
 133   3             rEncoder_Code = rEn_Left_Read + rEncoder_Code ;
 134   3             rEncoder_Code = rEncoder_Code<<1;   
 135   3          }     
 136   2        }
 137   1        
 138   1        if(Encoder_flag == 2)       { Send_UART2_Encoder_Data(Encoder_flag);}
 139   1        else if(Encoder_flag == 1) { Send_UART2_Encoder_Data(Encoder_flag);}
 140   1        else if(Encoder_flag == 3) { Send_UART2_Encoder_Data(Encoder_flag);}
 141   1        else if(Encoder_flag == 4) { if (Encoder_flag != encoder_tmp_old) Send_UART2_Encoder_Data(Encoder_flag);
             -}
*** ERROR C202 IN LINE 141 OF encoder.c: 'encoder_tmp_old': undefined identifier
 142   1        EncoderflagOld = Encoder_flag;
 143   1        return 0;
 144   1      }
 145          
 146          //=============================================================
 147          
 148          
 149            
 150            u16 Stata_ok = 0;
 151          //===============================================================
 152          void  Encoder_DGUS()
 153          {
 154   1        Encoder_recevie();
 155   1      }
 156             
 157          
 158          
 159          void Send_UART2_Encoder_Data(u8 set_data)
 160          {
 161   1        u8 xdata i=0;
 162   1        u8 xdata UART2_Data[10];
 163   1          UART2_Data[0]=0x5A;
 164   1          UART2_Data[1]=0xA5;
 165   1          UART2_Data[2]=0x06;
 166   1          UART2_Data[3]=0x83;
 167   1          UART2_Data[4]=0x80;
 168   1          UART2_Data[5]=0x00;
 169   1          UART2_Data[6]=0x01;
 170   1          UART2_Data[7]=0x00;
 171   1          UART2_Data[8]=set_data;
 172   1          for(i=0;i<9;i++)
 173   1          OneSendData2( UART2_Data[i]);
 174   1      }
 175          
C51 COMPILER V9.57.0.0   ENCODER                                                           07/09/2024 01:59:10 PAGE 4   

 176          
 177          
 178          

C51 COMPILATION COMPLETE.  0 WARNING(S),  2 ERROR(S)
