C51 COMPILER V9.57.0.0   UART_XX                                                           07/09/2024 01:59:10 PAGE 1   


C51 COMPILER V9.57.0.0, COMPILATION OF MODULE UART_XX
OBJECT MODULE PLACED IN .\Objects\UART_xx.obj
COMPILER INVOKED BY: C:\Keil_v5\C51\BIN\C51.EXE UART_xx.c LARGE OPTIMIZE(8,SPEED) BROWSE DEBUG OBJECTEXTEND PRINT(.\List
                    -ings\UART_xx.lst) TABS(2) OBJECT(.\Objects\UART_xx.obj)

line level    source

   1          #include "UART_xx.h"
   2          
   3                   xdata   u8       R_u2[255];    //串口2接受数组
   4          
   5                    xdata   u8       R_OD2=0;       //串口2收到数据
   6                    xdata  u8        R_CN2=0;     //口2长度计数器
   7                   xdata  u8         T_O2=0;      //口2超时计数器
   8           bit                       Busy2=0;       //串口2发送标志
   9          
  10          //**********************************************************/
  11          //         xdata  u8         R_u4[255];   //串口4接受数组
  12          
  13          //         xdata u8          R_OD4=0;       //串口4收到数据
  14          //         xdata  u8         R_CN4=0;     //口4长度计数器
  15          //        xdata u8           T_O4=0;      //口4超时计数器
  16          // bit                    Busy4=0;        //串口4发送标志
  17          /**********************************************************/
  18          //       xdata  u8           R_u5[255];   //串口5接受数组
  19          
  20          //         xdata  u8         R_OD5=0;       //串口5收到数据
  21          //          xdata u8         R_CN5=0;     //口5长度计数器
  22          //        xdata u8           T_O5=0;      //口5超时计数器
  23          // bit                         Busy5=0;       //串口4发送标志
  24          
  25               xdata  u8      CrcH;
  26               xdata  u8      CrcL;
  27          /*******************///秒标志
  28          u16     Sec=1000;
  29          bit     fang=0,fang1=0,fang2=0;
  30          
  31          /*******************/
  32          
  33          
  34          
  35          static idata u16 delay_tick = 0; //用来实现精确延时的
  36          //利用定时器2进行精确延时,单位ms
  37          //void sys_delay_ms(u16 ms)
  38          //{
  39          //  delay_tick = ms;
  40          //  while(delay_tick);
  41          //}
  42          //==============================
  43          //void  CRC_16(u8 Data)
  44          //{       u8 index=0;
  45          //      index=CrcH^Data;CrcH=CrcL^WCRCh[index];CrcL=WCRCl[index]; 
  46          //}
  47          
  48          //****************************************************************************/
  49          void  OneSendData2(u8 Dat)
  50          {           while (Busy2);               
  51   1            Busy2 = 1;
  52   1            SBUF2 = Dat; 
  53   1      }
  54          ///****************************************************************************/
C51 COMPILER V9.57.0.0   UART_XX                                                           07/09/2024 01:59:10 PAGE 2   

  55          //void  OneSendData4(u8 Dat)
  56          //{           while (Busy4);               
  57          //      Busy4 = 1;
  58          //      SBUF4_TX = Dat; 
  59          //}
  60          /****************************************************************************/
  61          //void  OneSendData5(u8 Dat)
  62          //{           while (Busy5);               
  63          //      Busy5 = 1;
  64          //      SBUF5_TX = Dat; 
  65          //}
  66          
  67          //////===============================
  68          //char putchar (char c)   
  69          //{ 
  70          
  71          //  OneSendData5(c);
  72          //  return 0;
  73          //}
  74          void ReceiveDate2()
  75          {
  76   1        u8 cmd;u8 j=0,i=0;
  77   1        u8 num=0,len=0;
  78   1        u16 Temp=0;
  79   1        u8 Rx_uart2[100];
  80   1        //printf("Modbus string:");
  81   1        do
  82   1        {
  83   2          if((R_u2[num]==0x5A)&&(R_u2[num+1]==0xA5)) 
  84   2          {
  85   3            //printf("Modbus string:111");
  86   3            cmd=R_u2[num+3];
  87   3            switch(cmd)
  88   3            {
  89   4              case  0x82:    
  90   4                len=(R_u2[num+2]-3)/2;
  91   4                for(j=0;j<len;j++)
  92   4                Write_Dgus((((R_u2[num+4]<<8)|R_u2[num+5])+j),((R_u2[num+6+j*2]<<8)|R_u2[num+7+j*2]));
  93   4                 Rx_uart2[0]=0x5A;
  94   4                 Rx_uart2[1]=0xA5;
  95   4                 Rx_uart2[2]=0x03;
  96   4                 Rx_uart2[3]=0x82;
  97   4                 Rx_uart2[4]=0x4F;
  98   4                 Rx_uart2[5]=0x4B;
  99   4                 for(i=0;i<6;i++)
 100   4                 OneSendData2(Rx_uart2[i]);
 101   4                break;
 102   4              case  0x83: 
 103   4                 Rx_uart2[0]=R_u2[num];
 104   4                 Rx_uart2[1]=R_u2[num+1];
 105   4                 Rx_uart2[3]=R_u2[num+3];
 106   4                 Rx_uart2[4]=R_u2[num+4];
 107   4                 Rx_uart2[5]=R_u2[num+5];
 108   4                 Rx_uart2[6]=R_u2[num+6]; 
 109   4                for(i=0;i<R_u2[num+6];i++)
 110   4                {                                    
 111   5                   Temp=Read_Dgus(((R_u2[num+4]<<8)+R_u2[num+5]+i));
 112   5                   Rx_uart2[7+2*i]=(u8)(Temp>>8);
 113   5                   Rx_uart2[8+2*i]=(u8)(Temp);
 114   5                }
 115   4                Rx_uart2[2]=(2*R_u2[num+6])+4;
 116   4                R_u2[num+2]=(2*R_u2[num+6])+4;
C51 COMPILER V9.57.0.0   UART_XX                                                           07/09/2024 01:59:10 PAGE 3   

 117   4                for(i=0;i<(R_u2[num+2]+3);i++)
 118   4                OneSendData2( Rx_uart2[i]);
 119   4                break;
 120   4              default:
 121   4                break;
 122   4             }
 123   3            
 124   3          }
 125   2        
 126   2          num++;
 127   2        }while(num < (R_CN2 - 4));
 128   1        
 129   1      }
 130          /********************************************/
 131          void T0_ISR_PC(void)    interrupt 1
 132          {
 133   1          
 134   1          TH0=T1MS>>8;
 135   1          TL0=T1MS;
 136   1        
 137   1      
 138   1      }
 139          /*******************************************/
 140          void T1_ISR_PC(void)    interrupt 3
 141          {
 142   1          
 143   1          TH1=T1MS>>8;
 144   1          TL1=T1MS;
 145   1        
 146   1      }
 147          //定时器2中断服务程序
 148          void sys_timer2_isr() interrupt 5
 149          {
 150   1        TF2=0;//清除定时器2的中断标志位//精准延时处理
 151   1        SysTick_RTC++;//RTC时钟控制
 152   1        if(delay_tick) delay_tick--;
 153   1        //if(T_O4>0)T_O4--;
 154   1        //if(T_O5>0)T_O5--;
 155   1        if(T_O2>0)T_O2--;
 156   1        if(Sec>0) Sec--;if(Sec==0){Sec=1000;fang=1;fang1=1;fang2=1;}
 157   1          
 158   1      }
 159          
 160          //void uart5_Tisr()     interrupt 12  //串口5发送中断
 161          //{           SCON5T&=0xFE ; 
 162          //            Busy5=0;
 163          //}
 164          ////*********************************************************
 165          //void uart5_Risr()     interrupt 13   //串口5中断接收
 166          //{           R_u5[R_CN5]=SBUF5_RX;
 167          //            SCON5R&=0xFE;
 168          //            R_OD5=1;
 169          //            R_CN5++;
 170          //            T_O5=5;   
 171          //}
 172          //*********************************************************
 173          
 174          //void uart4_Tisr()     interrupt 10  //串口4发送中断
 175          //{           SCON4T&=0xFE ; 
 176          //      Busy4=0;
 177          //}
 178          ////*********************************************************
C51 COMPILER V9.57.0.0   UART_XX                                                           07/09/2024 01:59:10 PAGE 4   

 179          //void uart4_Risr()     interrupt 11   //串口4中断接收
 180          //{           R_u4[R_CN4]=SBUF4_RX;
 181          //            SCON4R&=0xFE;
 182          //            R_OD4=1;
 183          //            R_CN4++;
 184          //            T_O4=5;   
 185          //}
 186          ////*********************************************************
 187          void uart2_Risr()     interrupt 4   
 188          {           
 189   1                 if(RI2==1)
 190   1                 {R_u2[R_CN2]=SBUF2;
 191   2                  SCON2&=0xFE;
 192   2                  R_OD2=1;
 193   2                  R_CN2++;
 194   2                  T_O2=10;    
 195   2                 }
 196   1                 if(TI2==1)
 197   1                 { SCON2&=0xFD ; 
 198   2                   Busy2=0;}
 199   1      }


MODULE INFORMATION:   STATIC OVERLAYABLE
   CODE SIZE        =    865    ----
   CONSTANT SIZE    =   ----    ----
   XDATA SIZE       =    262     106
   PDATA SIZE       =   ----    ----
   DATA SIZE        =   ----    ----
   IDATA SIZE       =      2    ----
   BIT SIZE         =      4    ----
END OF MODULE INFORMATION.


C51 COMPILATION COMPLETE.  0 WARNING(S),  0 ERROR(S)
